
  .   ____          _            __ _ _
 /\\ / ___'_ __ _ _(_)_ __  __ _ \ \ \ \
( ( )\___ | '_ | '_| | '_ \/ _` | \ \ \ \
 \\/  ___)| |_)| | | | | || (_| |  ) ) ) )
  '  |____| .__|_| |_|_| |_\__, | / / / /
 =========|_|==============|___/=/_/_/_/
 :: Spring Boot ::                (v3.2.2)

2026-02-08T00:22:22.010+09:00  INFO 18792 --- [           main] com.finance.app.AppApplication           : Starting AppApplication v0.0.1-SNAPSHOT using Java 21.0.9 with PID 18792 (C:\Users\junse\antigravity_project\bank_system\build\libs\bank-system-0.0.1-SNAPSHOT.jar started by junse in C:\Users\junse\antigravity_project\bank_system)
2026-02-08T00:22:22.012+09:00  INFO 18792 --- [           main] com.finance.app.AppApplication           : No active profile set, falling back to 1 default profile: "default"
2026-02-08T00:22:22.602+09:00  INFO 18792 --- [           main] .s.d.r.c.RepositoryConfigurationDelegate : Bootstrapping Spring Data JPA repositories in DEFAULT mode.
2026-02-08T00:22:22.645+09:00  INFO 18792 --- [           main] .s.d.r.c.RepositoryConfigurationDelegate : Finished Spring Data repository scanning in 38 ms. Found 7 JPA repository interfaces.
2026-02-08T00:22:23.088+09:00  INFO 18792 --- [           main] o.s.b.w.embedded.tomcat.TomcatWebServer  : Tomcat initialized with port 8080 (http)
2026-02-08T00:22:23.098+09:00  INFO 18792 --- [           main] o.apache.catalina.core.StandardService   : Starting service [Tomcat]
2026-02-08T00:22:23.099+09:00  INFO 18792 --- [           main] o.apache.catalina.core.StandardEngine    : Starting Servlet engine: [Apache Tomcat/10.1.18]
2026-02-08T00:22:23.131+09:00  INFO 18792 --- [           main] o.a.c.c.C.[Tomcat].[localhost].[/]       : Initializing Spring embedded WebApplicationContext
2026-02-08T00:22:23.132+09:00  INFO 18792 --- [           main] w.s.c.ServletWebServerApplicationContext : Root WebApplicationContext: initialization completed in 1078 ms
2026-02-08T00:22:23.319+09:00  INFO 18792 --- [           main] o.hibernate.jpa.internal.util.LogHelper  : HHH000204: Processing PersistenceUnitInfo [name: default]
2026-02-08T00:22:23.407+09:00  INFO 18792 --- [           main] org.hibernate.Version                    : HHH000412: Hibernate ORM core version 6.4.1.Final
2026-02-08T00:22:23.441+09:00  INFO 18792 --- [           main] o.h.c.internal.RegionFactoryInitiator    : HHH000026: Second-level cache disabled
2026-02-08T00:22:23.582+09:00  INFO 18792 --- [           main] o.s.o.j.p.SpringPersistenceUnitInfo      : No LoadTimeWeaver setup: ignoring JPA class transformer
2026-02-08T00:22:23.594+09:00  INFO 18792 --- [           main] com.zaxxer.hikari.HikariDataSource       : HikariPool-1 - Starting...
2026-02-08T00:22:28.033+09:00  INFO 18792 --- [           main] com.zaxxer.hikari.pool.HikariPool        : HikariPool-1 - Added connection com.mysql.cj.jdbc.ConnectionImpl@58e03769
2026-02-08T00:22:28.037+09:00  INFO 18792 --- [           main] com.zaxxer.hikari.HikariDataSource       : HikariPool-1 - Start completed.
2026-02-08T00:22:29.017+09:00  WARN 18792 --- [           main] org.hibernate.orm.deprecation            : HHH90000025: MySQLDialect does not need to be specified explicitly using 'hibernate.dialect' (remove the property setting and it will be selected by default)
2026-02-08T00:22:29.469+09:00  INFO 18792 --- [           main] o.h.e.t.j.p.i.JtaPlatformInitiator       : HHH000489: No JTA platform available (set 'hibernate.transaction.jta.platform' to enable JTA platform integration)
2026-02-08T00:22:40.489+09:00  INFO 18792 --- [           main] j.LocalContainerEntityManagerFactoryBean : Initialized JPA EntityManagerFactory for persistence unit 'default'
2026-02-08T00:22:40.833+09:00  WARN 18792 --- [           main] JpaBaseConfiguration$JpaWebConfiguration : spring.jpa.open-in-view is enabled by default. Therefore, database queries may be performed during view rendering. Explicitly configure spring.jpa.open-in-view to disable this warning
2026-02-08T00:22:40.876+09:00  WARN 18792 --- [           main] .s.s.UserDetailsServiceAutoConfiguration : 

Using generated security password: 1fd73ce4-63ee-47e6-b3ef-7442381cd08a

This generated password is for development use only. Your security configuration must be updated before running your application in production.

2026-02-08T00:22:41.270+09:00  INFO 18792 --- [           main] o.s.s.web.DefaultSecurityFilterChain     : Will secure any request with [org.springframework.security.web.session.DisableEncodeUrlFilter@68303aad, org.springframework.security.web.context.request.async.WebAsyncManagerIntegrationFilter@37a36194, org.springframework.security.web.context.SecurityContextHolderFilter@6d96a895, org.springframework.security.web.header.HeaderWriterFilter@61e34bec, org.springframework.web.filter.CorsFilter@1d0acb8f, org.springframework.web.filter.CorsFilter@6abaa14b, org.springframework.security.web.authentication.logout.LogoutFilter@55a29589, com.finance.app.security.JwtAuthenticationFilter@388d14e, org.springframework.security.web.savedrequest.RequestCacheAwareFilter@70c99e13, org.springframework.security.web.servletapi.SecurityContextHolderAwareRequestFilter@321558f8, org.springframework.security.web.authentication.AnonymousAuthenticationFilter@3b60be3, org.springframework.security.web.session.SessionManagementFilter@5fb05c07, org.springframework.security.web.access.ExceptionTranslationFilter@53cb9b1, org.springframework.security.web.access.intercept.AuthorizationFilter@6779af40]
2026-02-08T00:22:41.433+09:00  WARN 18792 --- [           main] ConfigServletWebServerApplicationContext : Exception encountered during context initialization - cancelling refresh attempt: org.springframework.context.ApplicationContextException: Failed to start bean 'webServerStartStop'
2026-02-08T00:22:41.434+09:00  INFO 18792 --- [           main] j.LocalContainerEntityManagerFactoryBean : Closing JPA EntityManagerFactory for persistence unit 'default'
2026-02-08T00:22:41.436+09:00  INFO 18792 --- [           main] com.zaxxer.hikari.HikariDataSource       : HikariPool-1 - Shutdown initiated...
2026-02-08T00:22:45.468+09:00  INFO 18792 --- [           main] com.zaxxer.hikari.HikariDataSource       : HikariPool-1 - Shutdown completed.
2026-02-08T00:22:45.477+09:00  INFO 18792 --- [           main] .s.b.a.l.ConditionEvaluationReportLogger : 

Error starting ApplicationContext. To display the condition evaluation report re-run your application with 'debug' enabled.
2026-02-08T00:22:45.485+09:00 ERROR 18792 --- [           main] o.s.b.d.LoggingFailureAnalysisReporter   : 

***************************
APPLICATION FAILED TO START
***************************

Description:

Web server failed to start. Port 8080 was already in use.

Action:

Identify and stop the process that's listening on port 8080 or configure this application to listen on another port.

