
  .   ____          _            __ _ _
 /\\ / ___'_ __ _ _(_)_ __  __ _ \ \ \ \
( ( )\___ | '_ | '_| | '_ \/ _` | \ \ \ \
 \\/  ___)| |_)| | | | | || (_| |  ) ) ) )
  '  |____| .__|_| |_|_| |_\__, | / / / /
 =========|_|==============|___/=/_/_/_/
 :: Spring Boot ::                (v3.2.2)

2026-02-08T00:57:18.265+09:00  INFO 32068 --- [           main] com.finance.app.AppApplication           : Starting AppApplication v0.0.1-SNAPSHOT using Java 21.0.9 with PID 32068 (C:\Users\junse\antigravity_project\bank_system\build\libs\bank-system-0.0.1-SNAPSHOT.jar started by junse in C:\Users\junse\antigravity_project\bank_system)
2026-02-08T00:57:18.274+09:00  INFO 32068 --- [           main] com.finance.app.AppApplication           : No active profile set, falling back to 1 default profile: "default"
2026-02-08T00:57:18.858+09:00  INFO 32068 --- [           main] .s.d.r.c.RepositoryConfigurationDelegate : Bootstrapping Spring Data JPA repositories in DEFAULT mode.
2026-02-08T00:57:18.901+09:00  INFO 32068 --- [           main] .s.d.r.c.RepositoryConfigurationDelegate : Finished Spring Data repository scanning in 38 ms. Found 7 JPA repository interfaces.
2026-02-08T00:57:19.345+09:00  INFO 32068 --- [           main] o.s.b.w.embedded.tomcat.TomcatWebServer  : Tomcat initialized with port 8080 (http)
2026-02-08T00:57:19.354+09:00  INFO 32068 --- [           main] o.apache.catalina.core.StandardService   : Starting service [Tomcat]
2026-02-08T00:57:19.354+09:00  INFO 32068 --- [           main] o.apache.catalina.core.StandardEngine    : Starting Servlet engine: [Apache Tomcat/10.1.18]
2026-02-08T00:57:19.388+09:00  INFO 32068 --- [           main] o.a.c.c.C.[Tomcat].[localhost].[/]       : Initializing Spring embedded WebApplicationContext
2026-02-08T00:57:19.389+09:00  INFO 32068 --- [           main] w.s.c.ServletWebServerApplicationContext : Root WebApplicationContext: initialization completed in 1073 ms
2026-02-08T00:57:19.554+09:00  INFO 32068 --- [           main] o.hibernate.jpa.internal.util.LogHelper  : HHH000204: Processing PersistenceUnitInfo [name: default]
2026-02-08T00:57:19.665+09:00  INFO 32068 --- [           main] org.hibernate.Version                    : HHH000412: Hibernate ORM core version 6.4.1.Final
2026-02-08T00:57:19.700+09:00  INFO 32068 --- [           main] o.h.c.internal.RegionFactoryInitiator    : HHH000026: Second-level cache disabled
2026-02-08T00:57:19.841+09:00  INFO 32068 --- [           main] o.s.o.j.p.SpringPersistenceUnitInfo      : No LoadTimeWeaver setup: ignoring JPA class transformer
2026-02-08T00:57:19.856+09:00  INFO 32068 --- [           main] com.zaxxer.hikari.HikariDataSource       : HikariPool-1 - Starting...
2026-02-08T00:57:22.697+09:00  INFO 32068 --- [           main] com.zaxxer.hikari.pool.HikariPool        : HikariPool-1 - Added connection com.mysql.cj.jdbc.ConnectionImpl@2969a9a6
2026-02-08T00:57:22.697+09:00  INFO 32068 --- [           main] com.zaxxer.hikari.HikariDataSource       : HikariPool-1 - Start completed.
2026-02-08T00:57:23.318+09:00  WARN 32068 --- [           main] org.hibernate.orm.deprecation            : HHH90000025: MySQLDialect does not need to be specified explicitly using 'hibernate.dialect' (remove the property setting and it will be selected by default)
2026-02-08T00:57:23.772+09:00  INFO 32068 --- [           main] o.h.e.t.j.p.i.JtaPlatformInitiator       : HHH000489: No JTA platform available (set 'hibernate.transaction.jta.platform' to enable JTA platform integration)
2026-02-08T00:57:30.536+09:00  INFO 32068 --- [           main] j.LocalContainerEntityManagerFactoryBean : Initialized JPA EntityManagerFactory for persistence unit 'default'
2026-02-08T00:57:30.879+09:00  WARN 32068 --- [           main] JpaBaseConfiguration$JpaWebConfiguration : spring.jpa.open-in-view is enabled by default. Therefore, database queries may be performed during view rendering. Explicitly configure spring.jpa.open-in-view to disable this warning
2026-02-08T00:57:30.914+09:00  WARN 32068 --- [           main] .s.s.UserDetailsServiceAutoConfiguration : 

Using generated security password: bb84a184-7d84-4252-b439-99a1f2ba7992

This generated password is for development use only. Your security configuration must be updated before running your application in production.

2026-02-08T00:57:31.302+09:00  INFO 32068 --- [           main] o.s.s.web.DefaultSecurityFilterChain     : Will secure any request with [org.springframework.security.web.session.DisableEncodeUrlFilter@6ce24203, org.springframework.security.web.context.request.async.WebAsyncManagerIntegrationFilter@4cc28ad0, org.springframework.security.web.context.SecurityContextHolderFilter@27b84c9a, org.springframework.security.web.header.HeaderWriterFilter@428e9be2, org.springframework.web.filter.CorsFilter@29811d4d, org.springframework.web.filter.CorsFilter@28f081ad, org.springframework.security.web.authentication.logout.LogoutFilter@6779af40, com.finance.app.security.JwtAuthenticationFilter@1cd43562, org.springframework.security.web.savedrequest.RequestCacheAwareFilter@6d514259, org.springframework.security.web.servletapi.SecurityContextHolderAwareRequestFilter@77e1b84c, org.springframework.security.web.authentication.AnonymousAuthenticationFilter@56fc2cea, org.springframework.security.web.session.SessionManagementFilter@3a678e40, org.springframework.security.web.access.ExceptionTranslationFilter@54d9b23a, org.springframework.security.web.access.intercept.AuthorizationFilter@5b27d03d]
2026-02-08T00:57:31.507+09:00  INFO 32068 --- [           main] o.s.b.w.embedded.tomcat.TomcatWebServer  : Tomcat started on port 8080 (http) with context path ''
2026-02-08T00:57:31.516+09:00  INFO 32068 --- [           main] com.finance.app.AppApplication           : Started AppApplication in 13.519 seconds (process running for 13.929)
